CRITICAL - 2023-05-14 03:22:59 --> CodeIgniter\Database\BaseBuilder::like(): Argument #2 ($match) must be of type string, null given, called in /var/www/htdocs/app_v1/app/Controllers/Login.php on line 763
in SYSTEMPATH/Database/BaseBuilder.php on line 984.
 1 APPPATH/Controllers/Login.php(763): CodeIgniter\Database\BaseBuilder->like()
 2 SYSTEMPATH/CodeIgniter.php(934): App\Controllers\Login->search_action()
 3 SYSTEMPATH/CodeIgniter.php(499): CodeIgniter\CodeIgniter->runController()
 4 SYSTEMPATH/CodeIgniter.php(368): CodeIgniter\CodeIgniter->handleRequest()
 5 FCPATH/index.php(67): CodeIgniter\CodeIgniter->run()
CRITICAL - 2023-05-14 10:20:38 --> CodeIgniter\Database\BaseBuilder::like(): Argument #2 ($match) must be of type string, null given, called in /var/www/htdocs/app_v1/app/Controllers/Login.php on line 763
in SYSTEMPATH/Database/BaseBuilder.php on line 984.
 1 APPPATH/Controllers/Login.php(763): CodeIgniter\Database\BaseBuilder->like()
 2 SYSTEMPATH/CodeIgniter.php(934): App\Controllers\Login->search_action()
 3 SYSTEMPATH/CodeIgniter.php(499): CodeIgniter\CodeIgniter->runController()
 4 SYSTEMPATH/CodeIgniter.php(368): CodeIgniter\CodeIgniter->handleRequest()
 5 FCPATH/index.php(67): CodeIgniter\CodeIgniter->run()
CRITICAL - 2023-05-14 10:44:42 --> CodeIgniter\Database\BaseBuilder::like(): Argument #2 ($match) must be of type string, null given, called in /var/www/htdocs/app_v1/app/Controllers/Login.php on line 768
in SYSTEMPATH/Database/BaseBuilder.php on line 984.
 1 APPPATH/Controllers/Login.php(768): CodeIgniter\Database\BaseBuilder->like()
 2 SYSTEMPATH/CodeIgniter.php(934): App\Controllers\Login->search_action()
 3 SYSTEMPATH/CodeIgniter.php(499): CodeIgniter\CodeIgniter->runController()
 4 SYSTEMPATH/CodeIgniter.php(368): CodeIgniter\CodeIgniter->handleRequest()
 5 FCPATH/index.php(67): CodeIgniter\CodeIgniter->run()
