CRITICAL - 2023-05-11 07:42:10 --> Attempt to read property "id" on null
in APPPATH/Controllers/Login.php on line 497.
 1 APPPATH/Controllers/Login.php(497): CodeIgniter\Debug\Exceptions->errorHandler()
 2 SYSTEMPATH/CodeIgniter.php(934): App\Controllers\Login->timetable()
 3 SYSTEMPATH/CodeIgniter.php(499): CodeIgniter\CodeIgniter->runController()
 4 SYSTEMPATH/CodeIgniter.php(368): CodeIgniter\CodeIgniter->handleRequest()
 5 FCPATH/index.php(67): CodeIgniter\CodeIgniter->run()
CRITICAL - 2023-05-11 09:24:38 --> Undefined constant "App\Controllers\session"
in APPPATH/Controllers/Login.php on line 603.
 1 SYSTEMPATH/CodeIgniter.php(934): App\Controllers\Login->post_action()
 2 SYSTEMPATH/CodeIgniter.php(499): CodeIgniter\CodeIgniter->runController()
 3 SYSTEMPATH/CodeIgniter.php(368): CodeIgniter\CodeIgniter->handleRequest()
 4 FCPATH/index.php(67): CodeIgniter\CodeIgniter->run()
ERROR - 2023-05-11 11:19:28 --> mysqli_sql_exception: Column 'content' cannot be null in /var/www/htdocs/app_v1/system/Database/MySQLi/Connection.php:295
Stack trace:
#0 /var/www/htdocs/app_v1/system/Database/MySQLi/Connection.php(295): mysqli->query()
#1 /var/www/htdocs/app_v1/system/Database/BaseConnection.php(691): CodeIgniter\Database\MySQLi\Connection->execute()
#2 /var/www/htdocs/app_v1/system/Database/BaseConnection.php(605): CodeIgniter\Database\BaseConnection->simpleQuery()
#3 /var/www/htdocs/app_v1/system/Database/BaseBuilder.php(2309): CodeIgniter\Database\BaseConnection->query()
#4 /var/www/htdocs/app_v1/app/Models/Article_model.php(16): CodeIgniter\Database\BaseBuilder->insert()
#5 /var/www/htdocs/app_v1/app/Controllers/Login.php(608): App\Models\article->insertArticle()
#6 /var/www/htdocs/app_v1/system/CodeIgniter.php(934): App\Controllers\Login->post_action()
#7 /var/www/htdocs/app_v1/system/CodeIgniter.php(499): CodeIgniter\CodeIgniter->runController()
#8 /var/www/htdocs/app_v1/system/CodeIgniter.php(368): CodeIgniter\CodeIgniter->handleRequest()
#9 /var/www/htdocs/app_v1/public/index.php(67): CodeIgniter\CodeIgniter->run()
#10 {main}
CRITICAL - 2023-05-11 11:19:28 --> Column 'content' cannot be null
in SYSTEMPATH/Database/BaseConnection.php on line 645.
 1 SYSTEMPATH/Database/BaseBuilder.php(2309): CodeIgniter\Database\BaseConnection->query()
 2 APPPATH/Models/Article_model.php(16): CodeIgniter\Database\BaseBuilder->insert()
 3 APPPATH/Controllers/Login.php(608): App\Models\article->insertArticle()
 4 SYSTEMPATH/CodeIgniter.php(934): App\Controllers\Login->post_action()
 5 SYSTEMPATH/CodeIgniter.php(499): CodeIgniter\CodeIgniter->runController()
 6 SYSTEMPATH/CodeIgniter.php(368): CodeIgniter\CodeIgniter->handleRequest()
 7 FCPATH/index.php(67): CodeIgniter\CodeIgniter->run()
ERROR - 2023-05-11 11:20:40 --> mysqli_sql_exception: Column 'content' cannot be null in /var/www/htdocs/app_v1/system/Database/MySQLi/Connection.php:295
Stack trace:
#0 /var/www/htdocs/app_v1/system/Database/MySQLi/Connection.php(295): mysqli->query()
#1 /var/www/htdocs/app_v1/system/Database/BaseConnection.php(691): CodeIgniter\Database\MySQLi\Connection->execute()
#2 /var/www/htdocs/app_v1/system/Database/BaseConnection.php(605): CodeIgniter\Database\BaseConnection->simpleQuery()
#3 /var/www/htdocs/app_v1/system/Database/BaseBuilder.php(2309): CodeIgniter\Database\BaseConnection->query()
#4 /var/www/htdocs/app_v1/app/Models/Article_model.php(16): CodeIgniter\Database\BaseBuilder->insert()
#5 /var/www/htdocs/app_v1/app/Controllers/Login.php(608): App\Models\article->insertArticle()
#6 /var/www/htdocs/app_v1/system/CodeIgniter.php(934): App\Controllers\Login->post_action()
#7 /var/www/htdocs/app_v1/system/CodeIgniter.php(499): CodeIgniter\CodeIgniter->runController()
#8 /var/www/htdocs/app_v1/system/CodeIgniter.php(368): CodeIgniter\CodeIgniter->handleRequest()
#9 /var/www/htdocs/app_v1/public/index.php(67): CodeIgniter\CodeIgniter->run()
#10 {main}
CRITICAL - 2023-05-11 11:20:40 --> Column 'content' cannot be null
in SYSTEMPATH/Database/BaseConnection.php on line 645.
 1 SYSTEMPATH/Database/BaseBuilder.php(2309): CodeIgniter\Database\BaseConnection->query()
 2 APPPATH/Models/Article_model.php(16): CodeIgniter\Database\BaseBuilder->insert()
 3 APPPATH/Controllers/Login.php(608): App\Models\article->insertArticle()
 4 SYSTEMPATH/CodeIgniter.php(934): App\Controllers\Login->post_action()
 5 SYSTEMPATH/CodeIgniter.php(499): CodeIgniter\CodeIgniter->runController()
 6 SYSTEMPATH/CodeIgniter.php(368): CodeIgniter\CodeIgniter->handleRequest()
 7 FCPATH/index.php(67): CodeIgniter\CodeIgniter->run()
CRITICAL - 2023-05-11 13:41:05 --> Undefined variable $message
in APPPATH/Controllers/Login.php on line 669.
 1 APPPATH/Controllers/Login.php(669): CodeIgniter\Debug\Exceptions->errorHandler()
 2 SYSTEMPATH/CodeIgniter.php(934): App\Controllers\Login->home()
 3 SYSTEMPATH/CodeIgniter.php(499): CodeIgniter\CodeIgniter->runController()
 4 SYSTEMPATH/CodeIgniter.php(368): CodeIgniter\CodeIgniter->handleRequest()
 5 FCPATH/index.php(67): CodeIgniter\CodeIgniter->run()
CRITICAL - 2023-05-11 13:43:25 --> Undefined constant "App\Controllers\message"
in APPPATH/Controllers/Login.php on line 701.
 1 SYSTEMPATH/CodeIgniter.php(934): App\Controllers\Login->home()
 2 SYSTEMPATH/CodeIgniter.php(499): CodeIgniter\CodeIgniter->runController()
 3 SYSTEMPATH/CodeIgniter.php(368): CodeIgniter\CodeIgniter->handleRequest()
 4 FCPATH/index.php(67): CodeIgniter\CodeIgniter->run()
CRITICAL - 2023-05-11 13:54:31 --> Undefined variable $messagea
in APPPATH/Views/home.php on line 2.
 1 APPPATH/Views/home.php(2): CodeIgniter\Debug\Exceptions->errorHandler()
 2 SYSTEMPATH/View/View.php(213): include('APPPATH/Views/home.php')
 3 SYSTEMPATH/View/View.php(216): CodeIgniter\View\View->CodeIgniter\View\{closure}()
 4 SYSTEMPATH/Common.php(1184): CodeIgniter\View\View->render()
 5 APPPATH/Controllers/Login.php(679): view()
 6 SYSTEMPATH/CodeIgniter.php(934): App\Controllers\Login->home()
 7 SYSTEMPATH/CodeIgniter.php(499): CodeIgniter\CodeIgniter->runController()
 8 SYSTEMPATH/CodeIgniter.php(368): CodeIgniter\CodeIgniter->handleRequest()
 9 FCPATH/index.php(67): CodeIgniter\CodeIgniter->run()
CRITICAL - 2023-05-11 13:55:02 --> Undefined array key 1
in APPPATH/Views/home.php on line 2.
 1 APPPATH/Views/home.php(2): CodeIgniter\Debug\Exceptions->errorHandler()
 2 SYSTEMPATH/View/View.php(213): include('APPPATH/Views/home.php')
 3 SYSTEMPATH/View/View.php(216): CodeIgniter\View\View->CodeIgniter\View\{closure}()
 4 SYSTEMPATH/Common.php(1184): CodeIgniter\View\View->render()
 5 APPPATH/Controllers/Login.php(679): view()
 6 SYSTEMPATH/CodeIgniter.php(934): App\Controllers\Login->home()
 7 SYSTEMPATH/CodeIgniter.php(499): CodeIgniter\CodeIgniter->runController()
 8 SYSTEMPATH/CodeIgniter.php(368): CodeIgniter\CodeIgniter->handleRequest()
 9 FCPATH/index.php(67): CodeIgniter\CodeIgniter->run()
CRITICAL - 2023-05-11 13:55:08 --> Undefined array key 1
in APPPATH/Views/home.php on line 2.
 1 APPPATH/Views/home.php(2): CodeIgniter\Debug\Exceptions->errorHandler()
 2 SYSTEMPATH/View/View.php(213): include('APPPATH/Views/home.php')
 3 SYSTEMPATH/View/View.php(216): CodeIgniter\View\View->CodeIgniter\View\{closure}()
 4 SYSTEMPATH/Common.php(1184): CodeIgniter\View\View->render()
 5 APPPATH/Controllers/Login.php(679): view()
 6 SYSTEMPATH/CodeIgniter.php(934): App\Controllers\Login->home()
 7 SYSTEMPATH/CodeIgniter.php(499): CodeIgniter\CodeIgniter->runController()
 8 SYSTEMPATH/CodeIgniter.php(368): CodeIgniter\CodeIgniter->handleRequest()
 9 FCPATH/index.php(67): CodeIgniter\CodeIgniter->run()
ERROR - 2023-05-11 15:25:21 --> mysqli_sql_exception: Column 'uid' cannot be null in /var/www/htdocs/app_v1/system/Database/MySQLi/Connection.php:295
Stack trace:
#0 /var/www/htdocs/app_v1/system/Database/MySQLi/Connection.php(295): mysqli->query()
#1 /var/www/htdocs/app_v1/system/Database/BaseConnection.php(691): CodeIgniter\Database\MySQLi\Connection->execute()
#2 /var/www/htdocs/app_v1/system/Database/BaseConnection.php(605): CodeIgniter\Database\BaseConnection->simpleQuery()
#3 /var/www/htdocs/app_v1/system/Database/BaseBuilder.php(2309): CodeIgniter\Database\BaseConnection->query()
#4 /var/www/htdocs/app_v1/app/Models/Article_model.php(32): CodeIgniter\Database\BaseBuilder->insert()
#5 /var/www/htdocs/app_v1/app/Controllers/Login.php(680): App\Models\article->insertComments()
#6 /var/www/htdocs/app_v1/system/CodeIgniter.php(934): App\Controllers\Login->home_action()
#7 /var/www/htdocs/app_v1/system/CodeIgniter.php(499): CodeIgniter\CodeIgniter->runController()
#8 /var/www/htdocs/app_v1/system/CodeIgniter.php(368): CodeIgniter\CodeIgniter->handleRequest()
#9 /var/www/htdocs/app_v1/public/index.php(67): CodeIgniter\CodeIgniter->run()
#10 {main}
CRITICAL - 2023-05-11 15:25:21 --> Column 'uid' cannot be null
in SYSTEMPATH/Database/BaseConnection.php on line 645.
 1 SYSTEMPATH/Database/BaseBuilder.php(2309): CodeIgniter\Database\BaseConnection->query()
 2 APPPATH/Models/Article_model.php(32): CodeIgniter\Database\BaseBuilder->insert()
 3 APPPATH/Controllers/Login.php(680): App\Models\article->insertComments()
 4 SYSTEMPATH/CodeIgniter.php(934): App\Controllers\Login->home_action()
 5 SYSTEMPATH/CodeIgniter.php(499): CodeIgniter\CodeIgniter->runController()
 6 SYSTEMPATH/CodeIgniter.php(368): CodeIgniter\CodeIgniter->handleRequest()
 7 FCPATH/index.php(67): CodeIgniter\CodeIgniter->run()
