CRITICAL - 2023-04-28 03:32:14 --> Undefined constant "App\Controllers\rules"
in APPPATH/Controllers/Login.php on line 230.
 1 SYSTEMPATH/CodeIgniter.php(934): App\Controllers\Login->add_photo()
 2 SYSTEMPATH/CodeIgniter.php(499): CodeIgniter\CodeIgniter->runController()
 3 SYSTEMPATH/CodeIgniter.php(368): CodeIgniter\CodeIgniter->handleRequest()
 4 FCPATH/index.php(67): CodeIgniter\CodeIgniter->run()
CRITICAL - 2023-04-28 03:32:36 --> strpos(): Argument #3 ($offset) must be contained in argument #1 ($haystack)
in SYSTEMPATH/Validation/Validation.php on line 812.
 1 SYSTEMPATH/Validation/Validation.php(812): strpos()
 2 SYSTEMPATH/Validation/Validation.php(140): CodeIgniter\Validation\Validation->splitRules()
 3 SYSTEMPATH/Controller.php(140): CodeIgniter\Validation\Validation->run()
 4 APPPATH/Controllers/Login.php(230): CodeIgniter\Controller->validate()
 5 SYSTEMPATH/CodeIgniter.php(934): App\Controllers\Login->add_photo()
 6 SYSTEMPATH/CodeIgniter.php(499): CodeIgniter\CodeIgniter->runController()
 7 SYSTEMPATH/CodeIgniter.php(368): CodeIgniter\CodeIgniter->handleRequest()
 8 FCPATH/index.php(67): CodeIgniter\CodeIgniter->run()
CRITICAL - 2023-04-28 03:35:33 --> Undefined property: App\Controllers\Login::$form_validation
in APPPATH/Controllers/Login.php on line 230.
 1 APPPATH/Controllers/Login.php(230): CodeIgniter\Debug\Exceptions->errorHandler()
 2 SYSTEMPATH/CodeIgniter.php(934): App\Controllers\Login->add_photo()
 3 SYSTEMPATH/CodeIgniter.php(499): CodeIgniter\CodeIgniter->runController()
 4 SYSTEMPATH/CodeIgniter.php(368): CodeIgniter\CodeIgniter->handleRequest()
 5 FCPATH/index.php(67): CodeIgniter\CodeIgniter->run()
CRITICAL - 2023-04-28 03:36:17 --> Undefined property: App\Controllers\Login::$load
in APPPATH/Controllers/Login.php on line 230.
 1 APPPATH/Controllers/Login.php(230): CodeIgniter\Debug\Exceptions->errorHandler()
 2 SYSTEMPATH/CodeIgniter.php(934): App\Controllers\Login->add_photo()
 3 SYSTEMPATH/CodeIgniter.php(499): CodeIgniter\CodeIgniter->runController()
 4 SYSTEMPATH/CodeIgniter.php(368): CodeIgniter\CodeIgniter->handleRequest()
 5 FCPATH/index.php(67): CodeIgniter\CodeIgniter->run()
CRITICAL - 2023-04-28 04:17:48 --> strpos(): Argument #3 ($offset) must be contained in argument #1 ($haystack)
in SYSTEMPATH/Validation/Validation.php on line 812.
 1 SYSTEMPATH/Validation/Validation.php(812): strpos()
 2 SYSTEMPATH/Validation/Validation.php(140): CodeIgniter\Validation\Validation->splitRules()
 3 SYSTEMPATH/Controller.php(140): CodeIgniter\Validation\Validation->run()
 4 APPPATH/Controllers/Login.php(233): CodeIgniter\Controller->validate()
 5 SYSTEMPATH/CodeIgniter.php(934): App\Controllers\Login->add_photo()
 6 SYSTEMPATH/CodeIgniter.php(499): CodeIgniter\CodeIgniter->runController()
 7 SYSTEMPATH/CodeIgniter.php(368): CodeIgniter\CodeIgniter->handleRequest()
 8 FCPATH/index.php(67): CodeIgniter\CodeIgniter->run()
CRITICAL - 2023-04-28 04:32:07 --> strpos(): Argument #3 ($offset) must be contained in argument #1 ($haystack)
in SYSTEMPATH/Validation/Validation.php on line 812.
 1 SYSTEMPATH/Validation/Validation.php(812): strpos()
 2 SYSTEMPATH/Validation/Validation.php(140): CodeIgniter\Validation\Validation->splitRules()
 3 SYSTEMPATH/Controller.php(140): CodeIgniter\Validation\Validation->run()
 4 APPPATH/Controllers/Login.php(234): CodeIgniter\Controller->validate()
 5 SYSTEMPATH/CodeIgniter.php(934): App\Controllers\Login->add_photo()
 6 SYSTEMPATH/CodeIgniter.php(499): CodeIgniter\CodeIgniter->runController()
 7 SYSTEMPATH/CodeIgniter.php(368): CodeIgniter\CodeIgniter->handleRequest()
 8 FCPATH/index.php(67): CodeIgniter\CodeIgniter->run()
CRITICAL - 2023-04-28 04:36:18 --> strpos(): Argument #3 ($offset) must be contained in argument #1 ($haystack)
in SYSTEMPATH/Validation/Validation.php on line 812.
 1 SYSTEMPATH/Validation/Validation.php(812): strpos()
 2 SYSTEMPATH/Validation/Validation.php(140): CodeIgniter\Validation\Validation->splitRules()
 3 SYSTEMPATH/Controller.php(140): CodeIgniter\Validation\Validation->run()
 4 APPPATH/Controllers/Login.php(234): CodeIgniter\Controller->validate()
 5 SYSTEMPATH/CodeIgniter.php(934): App\Controllers\Login->add_photo()
 6 SYSTEMPATH/CodeIgniter.php(499): CodeIgniter\CodeIgniter->runController()
 7 SYSTEMPATH/CodeIgniter.php(368): CodeIgniter\CodeIgniter->handleRequest()
 8 FCPATH/index.php(67): CodeIgniter\CodeIgniter->run()
CRITICAL - 2023-04-28 04:37:12 --> strpos(): Argument #3 ($offset) must be contained in argument #1 ($haystack)
in SYSTEMPATH/Validation/Validation.php on line 812.
 1 SYSTEMPATH/Validation/Validation.php(812): strpos()
 2 SYSTEMPATH/Validation/Validation.php(140): CodeIgniter\Validation\Validation->splitRules()
 3 SYSTEMPATH/Controller.php(140): CodeIgniter\Validation\Validation->run()
 4 APPPATH/Controllers/Login.php(234): CodeIgniter\Controller->validate()
 5 SYSTEMPATH/CodeIgniter.php(934): App\Controllers\Login->add_photo()
 6 SYSTEMPATH/CodeIgniter.php(499): CodeIgniter\CodeIgniter->runController()
 7 SYSTEMPATH/CodeIgniter.php(368): CodeIgniter\CodeIgniter->handleRequest()
 8 FCPATH/index.php(67): CodeIgniter\CodeIgniter->run()
CRITICAL - 2023-04-28 07:40:13 --> Undefined variable $initial_type
in APPPATH/Controllers/Login.php on line 240.
 1 APPPATH/Controllers/Login.php(240): CodeIgniter\Debug\Exceptions->errorHandler()
 2 SYSTEMPATH/CodeIgniter.php(934): App\Controllers\Login->add_photo()
 3 SYSTEMPATH/CodeIgniter.php(499): CodeIgniter\CodeIgniter->runController()
 4 SYSTEMPATH/CodeIgniter.php(368): CodeIgniter\CodeIgniter->handleRequest()
 5 FCPATH/index.php(67): CodeIgniter\CodeIgniter->run()
CRITICAL - 2023-04-28 08:28:54 --> Undefined variable $data1
in APPPATH/Views/user.php on line 25.
 1 APPPATH/Views/user.php(25): CodeIgniter\Debug\Exceptions->errorHandler()
 2 SYSTEMPATH/View/View.php(213): include('APPPATH/Views/user.php')
 3 SYSTEMPATH/View/View.php(216): CodeIgniter\View\View->CodeIgniter\View\{closure}()
 4 SYSTEMPATH/Common.php(1184): CodeIgniter\View\View->render()
 5 APPPATH/Controllers/Login.php(55): view()
 6 SYSTEMPATH/CodeIgniter.php(934): App\Controllers\Login->check_login()
 7 SYSTEMPATH/CodeIgniter.php(499): CodeIgniter\CodeIgniter->runController()
 8 SYSTEMPATH/CodeIgniter.php(368): CodeIgniter\CodeIgniter->handleRequest()
 9 FCPATH/index.php(67): CodeIgniter\CodeIgniter->run()
CRITICAL - 2023-04-28 08:43:01 --> imagecreatetruecolor(): Argument #1 ($width) must be greater than 0
in APPPATH/Controllers/Login.php on line 276.
 1 APPPATH/Controllers/Login.php(276): imagecreatetruecolor()
 2 SYSTEMPATH/CodeIgniter.php(934): App\Controllers\Login->add_photo()
 3 SYSTEMPATH/CodeIgniter.php(499): CodeIgniter\CodeIgniter->runController()
 4 SYSTEMPATH/CodeIgniter.php(368): CodeIgniter\CodeIgniter->handleRequest()
 5 FCPATH/index.php(67): CodeIgniter\CodeIgniter->run()
