CRITICAL - 2023-04-22 03:49:38 --> Undefined variable $data
in APPPATH/Views/user.php on line 37.
 1 APPPATH/Views/user.php(37): CodeIgniter\Debug\Exceptions->errorHandler()
 2 SYSTEMPATH/View/View.php(213): include('APPPATH/Views/user.php')
 3 SYSTEMPATH/View/View.php(216): CodeIgniter\View\View->CodeIgniter\View\{closure}()
 4 SYSTEMPATH/Common.php(1184): CodeIgniter\View\View->render()
 5 APPPATH/Controllers/Login.php(67): view()
 6 SYSTEMPATH/CodeIgniter.php(934): App\Controllers\Login->profile_index()
 7 SYSTEMPATH/CodeIgniter.php(499): CodeIgniter\CodeIgniter->runController()
 8 SYSTEMPATH/CodeIgniter.php(368): CodeIgniter\CodeIgniter->handleRequest()
 9 FCPATH/index.php(67): CodeIgniter\CodeIgniter->run()
CRITICAL - 2023-04-22 03:52:01 --> view(): Argument #2 ($data) must be of type array, string given, called in /var/www/htdocs/app_v1/app/Controllers/Login.php on line 68
in SYSTEMPATH/Common.php on line 1172.
 1 APPPATH/Controllers/Login.php(68): view()
 2 SYSTEMPATH/CodeIgniter.php(934): App\Controllers\Login->profile_index()
 3 SYSTEMPATH/CodeIgniter.php(499): CodeIgniter\CodeIgniter->runController()
 4 SYSTEMPATH/CodeIgniter.php(368): CodeIgniter\CodeIgniter->handleRequest()
 5 FCPATH/index.php(67): CodeIgniter\CodeIgniter->run()
CRITICAL - 2023-04-22 04:11:45 --> view(): Argument #2 ($data) must be of type array, string given, called in /var/www/htdocs/app_v1/app/Controllers/Login.php on line 73
in SYSTEMPATH/Common.php on line 1172.
 1 APPPATH/Controllers/Login.php(73): view()
 2 SYSTEMPATH/CodeIgniter.php(934): App\Controllers\Login->profile_index()
 3 SYSTEMPATH/CodeIgniter.php(499): CodeIgniter\CodeIgniter->runController()
 4 SYSTEMPATH/CodeIgniter.php(368): CodeIgniter\CodeIgniter->handleRequest()
 5 FCPATH/index.php(67): CodeIgniter\CodeIgniter->run()
CRITICAL - 2023-04-22 04:12:42 --> view(): Argument #2 ($data) must be of type array, string given, called in /var/www/htdocs/app_v1/app/Controllers/Login.php on line 73
in SYSTEMPATH/Common.php on line 1172.
 1 APPPATH/Controllers/Login.php(73): view()
 2 SYSTEMPATH/CodeIgniter.php(934): App\Controllers\Login->profile_index()
 3 SYSTEMPATH/CodeIgniter.php(499): CodeIgniter\CodeIgniter->runController()
 4 SYSTEMPATH/CodeIgniter.php(368): CodeIgniter\CodeIgniter->handleRequest()
 5 FCPATH/index.php(67): CodeIgniter\CodeIgniter->run()
CRITICAL - 2023-04-22 04:12:44 --> view(): Argument #2 ($data) must be of type array, string given, called in /var/www/htdocs/app_v1/app/Controllers/Login.php on line 73
in SYSTEMPATH/Common.php on line 1172.
 1 APPPATH/Controllers/Login.php(73): view()
 2 SYSTEMPATH/CodeIgniter.php(934): App\Controllers\Login->profile_index()
 3 SYSTEMPATH/CodeIgniter.php(499): CodeIgniter\CodeIgniter->runController()
 4 SYSTEMPATH/CodeIgniter.php(368): CodeIgniter\CodeIgniter->handleRequest()
 5 FCPATH/index.php(67): CodeIgniter\CodeIgniter->run()
CRITICAL - 2023-04-22 04:13:06 --> view(): Argument #2 ($data) must be of type array, string given, called in /var/www/htdocs/app_v1/app/Controllers/Login.php on line 73
in SYSTEMPATH/Common.php on line 1172.
 1 APPPATH/Controllers/Login.php(73): view()
 2 SYSTEMPATH/CodeIgniter.php(934): App\Controllers\Login->profile_index()
 3 SYSTEMPATH/CodeIgniter.php(499): CodeIgniter\CodeIgniter->runController()
 4 SYSTEMPATH/CodeIgniter.php(368): CodeIgniter\CodeIgniter->handleRequest()
 5 FCPATH/index.php(67): CodeIgniter\CodeIgniter->run()
CRITICAL - 2023-04-22 04:20:32 --> Undefined constant "App\Controllers\data"
in APPPATH/Controllers/Login.php on line 69.
 1 SYSTEMPATH/CodeIgniter.php(934): App\Controllers\Login->profile_index()
 2 SYSTEMPATH/CodeIgniter.php(499): CodeIgniter\CodeIgniter->runController()
 3 SYSTEMPATH/CodeIgniter.php(368): CodeIgniter\CodeIgniter->handleRequest()
 4 FCPATH/index.php(67): CodeIgniter\CodeIgniter->run()
CRITICAL - 2023-04-22 04:21:08 --> view(): Argument #2 ($data) must be of type array, string given, called in /var/www/htdocs/app_v1/app/Controllers/Login.php on line 75
in SYSTEMPATH/Common.php on line 1172.
 1 APPPATH/Controllers/Login.php(75): view()
 2 SYSTEMPATH/CodeIgniter.php(934): App\Controllers\Login->profile_index()
 3 SYSTEMPATH/CodeIgniter.php(499): CodeIgniter\CodeIgniter->runController()
 4 SYSTEMPATH/CodeIgniter.php(368): CodeIgniter\CodeIgniter->handleRequest()
 5 FCPATH/index.php(67): CodeIgniter\CodeIgniter->run()
CRITICAL - 2023-04-22 04:24:29 --> Undefined variable $data
in APPPATH/Views/user.php on line 37.
 1 APPPATH/Views/user.php(37): CodeIgniter\Debug\Exceptions->errorHandler()
 2 SYSTEMPATH/View/View.php(213): include('APPPATH/Views/user.php')
 3 SYSTEMPATH/View/View.php(216): CodeIgniter\View\View->CodeIgniter\View\{closure}()
 4 SYSTEMPATH/Common.php(1184): CodeIgniter\View\View->render()
 5 APPPATH/Controllers/Login.php(77): view()
 6 SYSTEMPATH/CodeIgniter.php(934): App\Controllers\Login->profile_index()
 7 SYSTEMPATH/CodeIgniter.php(499): CodeIgniter\CodeIgniter->runController()
 8 SYSTEMPATH/CodeIgniter.php(368): CodeIgniter\CodeIgniter->handleRequest()
 9 FCPATH/index.php(67): CodeIgniter\CodeIgniter->run()
CRITICAL - 2023-04-22 04:24:31 --> Undefined variable $data
in APPPATH/Views/user.php on line 37.
 1 APPPATH/Views/user.php(37): CodeIgniter\Debug\Exceptions->errorHandler()
 2 SYSTEMPATH/View/View.php(213): include('APPPATH/Views/user.php')
 3 SYSTEMPATH/View/View.php(216): CodeIgniter\View\View->CodeIgniter\View\{closure}()
 4 SYSTEMPATH/Common.php(1184): CodeIgniter\View\View->render()
 5 APPPATH/Controllers/Login.php(77): view()
 6 SYSTEMPATH/CodeIgniter.php(934): App\Controllers\Login->profile_index()
 7 SYSTEMPATH/CodeIgniter.php(499): CodeIgniter\CodeIgniter->runController()
 8 SYSTEMPATH/CodeIgniter.php(368): CodeIgniter\CodeIgniter->handleRequest()
 9 FCPATH/index.php(67): CodeIgniter\CodeIgniter->run()
CRITICAL - 2023-04-22 04:29:48 --> view(): Argument #2 ($data) must be of type array, int given, called in /var/www/htdocs/app_v1/app/Controllers/Login.php on line 78
in SYSTEMPATH/Common.php on line 1172.
 1 APPPATH/Controllers/Login.php(78): view()
 2 SYSTEMPATH/CodeIgniter.php(934): App\Controllers\Login->profile_index()
 3 SYSTEMPATH/CodeIgniter.php(499): CodeIgniter\CodeIgniter->runController()
 4 SYSTEMPATH/CodeIgniter.php(368): CodeIgniter\CodeIgniter->handleRequest()
 5 FCPATH/index.php(67): CodeIgniter\CodeIgniter->run()
CRITICAL - 2023-04-22 04:30:25 --> view(): Argument #2 ($data) must be of type array, int given, called in /var/www/htdocs/app_v1/app/Controllers/Login.php on line 78
in SYSTEMPATH/Common.php on line 1172.
 1 APPPATH/Controllers/Login.php(78): view()
 2 SYSTEMPATH/CodeIgniter.php(934): App\Controllers\Login->profile_index()
 3 SYSTEMPATH/CodeIgniter.php(499): CodeIgniter\CodeIgniter->runController()
 4 SYSTEMPATH/CodeIgniter.php(368): CodeIgniter\CodeIgniter->handleRequest()
 5 FCPATH/index.php(67): CodeIgniter\CodeIgniter->run()
CRITICAL - 2023-04-22 04:31:21 --> view(): Argument #2 ($data) must be of type array, int given, called in /var/www/htdocs/app_v1/app/Controllers/Login.php on line 78
in SYSTEMPATH/Common.php on line 1172.
 1 APPPATH/Controllers/Login.php(78): view()
 2 SYSTEMPATH/CodeIgniter.php(934): App\Controllers\Login->profile_index()
 3 SYSTEMPATH/CodeIgniter.php(499): CodeIgniter\CodeIgniter->runController()
 4 SYSTEMPATH/CodeIgniter.php(368): CodeIgniter\CodeIgniter->handleRequest()
 5 FCPATH/index.php(67): CodeIgniter\CodeIgniter->run()
CRITICAL - 2023-04-22 04:36:04 --> Undefined variable $data1
in APPPATH/Views/user.php on line 37.
 1 APPPATH/Views/user.php(37): CodeIgniter\Debug\Exceptions->errorHandler()
 2 SYSTEMPATH/View/View.php(213): include('APPPATH/Views/user.php')
 3 SYSTEMPATH/View/View.php(216): CodeIgniter\View\View->CodeIgniter\View\{closure}()
 4 SYSTEMPATH/Common.php(1184): CodeIgniter\View\View->render()
 5 APPPATH/Controllers/Login.php(78): view()
 6 SYSTEMPATH/CodeIgniter.php(934): App\Controllers\Login->profile_index()
 7 SYSTEMPATH/CodeIgniter.php(499): CodeIgniter\CodeIgniter->runController()
 8 SYSTEMPATH/CodeIgniter.php(368): CodeIgniter\CodeIgniter->handleRequest()
 9 FCPATH/index.php(67): CodeIgniter\CodeIgniter->run()
CRITICAL - 2023-04-22 04:38:28 --> Undefined property: App\Controllers\Login::$load
in APPPATH/Controllers/Login.php on line 78.
 1 APPPATH/Controllers/Login.php(78): CodeIgniter\Debug\Exceptions->errorHandler()
 2 SYSTEMPATH/CodeIgniter.php(934): App\Controllers\Login->profile_index()
 3 SYSTEMPATH/CodeIgniter.php(499): CodeIgniter\CodeIgniter->runController()
 4 SYSTEMPATH/CodeIgniter.php(368): CodeIgniter\CodeIgniter->handleRequest()
 5 FCPATH/index.php(67): CodeIgniter\CodeIgniter->run()
CRITICAL - 2023-04-22 04:42:21 --> Undefined property: App\Controllers\Login::$load
in APPPATH/Controllers/Login.php on line 78.
 1 APPPATH/Controllers/Login.php(78): CodeIgniter\Debug\Exceptions->errorHandler()
 2 SYSTEMPATH/CodeIgniter.php(934): App\Controllers\Login->profile_index()
 3 SYSTEMPATH/CodeIgniter.php(499): CodeIgniter\CodeIgniter->runController()
 4 SYSTEMPATH/CodeIgniter.php(368): CodeIgniter\CodeIgniter->handleRequest()
 5 FCPATH/index.php(67): CodeIgniter\CodeIgniter->run()
CRITICAL - 2023-04-22 04:45:42 --> Undefined property: App\Controllers\Login::$load
in APPPATH/Controllers/Login.php on line 78.
 1 APPPATH/Controllers/Login.php(78): CodeIgniter\Debug\Exceptions->errorHandler()
 2 SYSTEMPATH/CodeIgniter.php(934): App\Controllers\Login->profile_index()
 3 SYSTEMPATH/CodeIgniter.php(499): CodeIgniter\CodeIgniter->runController()
 4 SYSTEMPATH/CodeIgniter.php(368): CodeIgniter\CodeIgniter->handleRequest()
 5 FCPATH/index.php(67): CodeIgniter\CodeIgniter->run()
CRITICAL - 2023-04-22 04:45:44 --> Undefined property: App\Controllers\Login::$load
in APPPATH/Controllers/Login.php on line 78.
 1 APPPATH/Controllers/Login.php(78): CodeIgniter\Debug\Exceptions->errorHandler()
 2 SYSTEMPATH/CodeIgniter.php(934): App\Controllers\Login->profile_index()
 3 SYSTEMPATH/CodeIgniter.php(499): CodeIgniter\CodeIgniter->runController()
 4 SYSTEMPATH/CodeIgniter.php(368): CodeIgniter\CodeIgniter->handleRequest()
 5 FCPATH/index.php(67): CodeIgniter\CodeIgniter->run()
CRITICAL - 2023-04-22 04:53:45 --> Undefined property: App\Controllers\Login::$load
in APPPATH/Controllers/Login.php on line 72.
 1 APPPATH/Controllers/Login.php(72): CodeIgniter\Debug\Exceptions->errorHandler()
 2 SYSTEMPATH/CodeIgniter.php(934): App\Controllers\Login->profile_index()
 3 SYSTEMPATH/CodeIgniter.php(499): CodeIgniter\CodeIgniter->runController()
 4 SYSTEMPATH/CodeIgniter.php(368): CodeIgniter\CodeIgniter->handleRequest()
 5 FCPATH/index.php(67): CodeIgniter\CodeIgniter->run()
CRITICAL - 2023-04-22 05:00:04 --> Undefined variable $username
in APPPATH/Controllers/Login.php on line 68.
 1 APPPATH/Controllers/Login.php(68): CodeIgniter\Debug\Exceptions->errorHandler()
 2 SYSTEMPATH/CodeIgniter.php(934): App\Controllers\Login->profile_index()
 3 SYSTEMPATH/CodeIgniter.php(499): CodeIgniter\CodeIgniter->runController()
 4 SYSTEMPATH/CodeIgniter.php(368): CodeIgniter\CodeIgniter->handleRequest()
 5 FCPATH/index.php(67): CodeIgniter\CodeIgniter->run()
CRITICAL - 2023-04-22 05:28:01 --> Undefined array key 0
in APPPATH/Controllers/Login.php on line 77.
 1 APPPATH/Controllers/Login.php(77): CodeIgniter\Debug\Exceptions->errorHandler()
 2 SYSTEMPATH/CodeIgniter.php(934): App\Controllers\Login->profile_index()
 3 SYSTEMPATH/CodeIgniter.php(499): CodeIgniter\CodeIgniter->runController()
 4 SYSTEMPATH/CodeIgniter.php(368): CodeIgniter\CodeIgniter->handleRequest()
 5 FCPATH/index.php(67): CodeIgniter\CodeIgniter->run()
CRITICAL - 2023-04-22 05:43:53 --> Object of class CodeIgniter\Database\MySQLi\Result could not be converted to string
in APPPATH/Views/user.php on line 38.
 1 SYSTEMPATH/View/View.php(213): include()
 2 SYSTEMPATH/View/View.php(216): CodeIgniter\View\View->CodeIgniter\View\{closure}()
 3 SYSTEMPATH/Common.php(1184): CodeIgniter\View\View->render()
 4 APPPATH/Controllers/Login.php(80): view()
 5 SYSTEMPATH/CodeIgniter.php(934): App\Controllers\Login->profile_index()
 6 SYSTEMPATH/CodeIgniter.php(499): CodeIgniter\CodeIgniter->runController()
 7 SYSTEMPATH/CodeIgniter.php(368): CodeIgniter\CodeIgniter->handleRequest()
 8 FCPATH/index.php(67): CodeIgniter\CodeIgniter->run()
CRITICAL - 2023-04-22 05:52:41 --> Attempt to read property "email" on null
in APPPATH/Controllers/Login.php on line 68.
 1 APPPATH/Controllers/Login.php(68): CodeIgniter\Debug\Exceptions->errorHandler()
 2 SYSTEMPATH/CodeIgniter.php(934): App\Controllers\Login->profile_index()
 3 SYSTEMPATH/CodeIgniter.php(499): CodeIgniter\CodeIgniter->runController()
 4 SYSTEMPATH/CodeIgniter.php(368): CodeIgniter\CodeIgniter->handleRequest()
 5 FCPATH/index.php(67): CodeIgniter\CodeIgniter->run()
CRITICAL - 2023-04-22 06:13:28 --> Undefined variable $data
in APPPATH/Views/user.php on line 38.
 1 APPPATH/Views/user.php(38): CodeIgniter\Debug\Exceptions->errorHandler()
 2 SYSTEMPATH/View/View.php(213): include('APPPATH/Views/user.php')
 3 SYSTEMPATH/View/View.php(216): CodeIgniter\View\View->CodeIgniter\View\{closure}()
 4 SYSTEMPATH/Common.php(1184): CodeIgniter\View\View->render()
 5 APPPATH/Controllers/Login.php(87): view()
 6 SYSTEMPATH/CodeIgniter.php(934): App\Controllers\Login->profile_index()
 7 SYSTEMPATH/CodeIgniter.php(499): CodeIgniter\CodeIgniter->runController()
 8 SYSTEMPATH/CodeIgniter.php(368): CodeIgniter\CodeIgniter->handleRequest()
 9 FCPATH/index.php(67): CodeIgniter\CodeIgniter->run()
CRITICAL - 2023-04-22 10:29:52 --> Undefined variable $code
in APPPATH/Controllers/Register.php on line 62.
 1 APPPATH/Controllers/Register.php(62): CodeIgniter\Debug\Exceptions->errorHandler()
 2 SYSTEMPATH/CodeIgniter.php(934): App\Controllers\Register->check_register()
 3 SYSTEMPATH/CodeIgniter.php(499): CodeIgniter\CodeIgniter->runController()
 4 SYSTEMPATH/CodeIgniter.php(368): CodeIgniter\CodeIgniter->handleRequest()
 5 FCPATH/index.php(67): CodeIgniter\CodeIgniter->run()
CRITICAL - 2023-04-22 10:32:17 --> Undefined variable $code
in APPPATH/Controllers/Register.php on line 62.
 1 APPPATH/Controllers/Register.php(62): CodeIgniter\Debug\Exceptions->errorHandler()
 2 SYSTEMPATH/CodeIgniter.php(934): App\Controllers\Register->check_register()
 3 SYSTEMPATH/CodeIgniter.php(499): CodeIgniter\CodeIgniter->runController()
 4 SYSTEMPATH/CodeIgniter.php(368): CodeIgniter\CodeIgniter->handleRequest()
 5 FCPATH/index.php(67): CodeIgniter\CodeIgniter->run()
CRITICAL - 2023-04-22 10:36:08 --> Call to undefined function App\Controllers\generate_email_code()
in APPPATH/Controllers/Register.php on line 61.
 1 SYSTEMPATH/CodeIgniter.php(934): App\Controllers\Register->check_register()
 2 SYSTEMPATH/CodeIgniter.php(499): CodeIgniter\CodeIgniter->runController()
 3 SYSTEMPATH/CodeIgniter.php(368): CodeIgniter\CodeIgniter->handleRequest()
 4 FCPATH/index.php(67): CodeIgniter\CodeIgniter->run()
CRITICAL - 2023-04-22 11:02:26 --> Attempt to read property "email" on null
in APPPATH/Controllers/Login.php on line 79.
 1 APPPATH/Controllers/Login.php(79): CodeIgniter\Debug\Exceptions->errorHandler()
 2 SYSTEMPATH/CodeIgniter.php(934): App\Controllers\Login->profile_index()
 3 SYSTEMPATH/CodeIgniter.php(499): CodeIgniter\CodeIgniter->runController()
 4 SYSTEMPATH/CodeIgniter.php(368): CodeIgniter\CodeIgniter->handleRequest()
 5 FCPATH/index.php(67): CodeIgniter\CodeIgniter->run()
CRITICAL - 2023-04-22 11:02:58 --> Attempt to read property "email" on null
in APPPATH/Controllers/Login.php on line 79.
 1 APPPATH/Controllers/Login.php(79): CodeIgniter\Debug\Exceptions->errorHandler()
 2 SYSTEMPATH/CodeIgniter.php(934): App\Controllers\Login->profile_index()
 3 SYSTEMPATH/CodeIgniter.php(499): CodeIgniter\CodeIgniter->runController()
 4 SYSTEMPATH/CodeIgniter.php(368): CodeIgniter\CodeIgniter->handleRequest()
 5 FCPATH/index.php(67): CodeIgniter\CodeIgniter->run()
CRITICAL - 2023-04-22 11:03:04 --> Attempt to read property "email" on null
in APPPATH/Controllers/Login.php on line 79.
 1 APPPATH/Controllers/Login.php(79): CodeIgniter\Debug\Exceptions->errorHandler()
 2 SYSTEMPATH/CodeIgniter.php(934): App\Controllers\Login->profile_index()
 3 SYSTEMPATH/CodeIgniter.php(499): CodeIgniter\CodeIgniter->runController()
 4 SYSTEMPATH/CodeIgniter.php(368): CodeIgniter\CodeIgniter->handleRequest()
 5 FCPATH/index.php(67): CodeIgniter\CodeIgniter->run()
CRITICAL - 2023-04-22 11:05:52 --> Undefined variable $email_check
in APPPATH/Controllers/Register.php on line 77.
 1 APPPATH/Controllers/Register.php(77): CodeIgniter\Debug\Exceptions->errorHandler()
 2 SYSTEMPATH/CodeIgniter.php(934): App\Controllers\Register->check_email_code()
 3 SYSTEMPATH/CodeIgniter.php(499): CodeIgniter\CodeIgniter->runController()
 4 SYSTEMPATH/CodeIgniter.php(368): CodeIgniter\CodeIgniter->handleRequest()
 5 FCPATH/index.php(67): CodeIgniter\CodeIgniter->run()
CRITICAL - 2023-04-22 11:18:40 --> Undefined variable $username
in APPPATH/Controllers/Register.php on line 106.
 1 APPPATH/Controllers/Register.php(106): CodeIgniter\Debug\Exceptions->errorHandler()
 2 SYSTEMPATH/CodeIgniter.php(934): App\Controllers\Register->add_phone_action()
 3 SYSTEMPATH/CodeIgniter.php(499): CodeIgniter\CodeIgniter->runController()
 4 SYSTEMPATH/CodeIgniter.php(368): CodeIgniter\CodeIgniter->handleRequest()
 5 FCPATH/index.php(67): CodeIgniter\CodeIgniter->run()
ERROR - 2023-04-22 13:30:39 --> mysqli_sql_exception: Duplicate entry '0' for key 'app_users.PRIMARY' in /var/www/htdocs/app_v1/system/Database/MySQLi/Connection.php:295
Stack trace:
#0 /var/www/htdocs/app_v1/system/Database/MySQLi/Connection.php(295): mysqli->query()
#1 /var/www/htdocs/app_v1/system/Database/BaseConnection.php(691): CodeIgniter\Database\MySQLi\Connection->execute()
#2 /var/www/htdocs/app_v1/system/Database/BaseConnection.php(605): CodeIgniter\Database\BaseConnection->simpleQuery()
#3 /var/www/htdocs/app_v1/system/Database/BaseBuilder.php(2309): CodeIgniter\Database\BaseConnection->query()
#4 /var/www/htdocs/app_v1/app/Models/Register_model.php(32): CodeIgniter\Database\BaseBuilder->insert()
#5 /var/www/htdocs/app_v1/app/Controllers/Register.php(55): App\Models\Register->register()
#6 /var/www/htdocs/app_v1/system/CodeIgniter.php(934): App\Controllers\Register->check_register()
#7 /var/www/htdocs/app_v1/system/CodeIgniter.php(499): CodeIgniter\CodeIgniter->runController()
#8 /var/www/htdocs/app_v1/system/CodeIgniter.php(368): CodeIgniter\CodeIgniter->handleRequest()
#9 /var/www/htdocs/app_v1/public/index.php(67): CodeIgniter\CodeIgniter->run()
#10 {main}
CRITICAL - 2023-04-22 13:30:39 --> Duplicate entry '0' for key 'app_users.PRIMARY'
in SYSTEMPATH/Database/BaseConnection.php on line 645.
 1 SYSTEMPATH/Database/BaseBuilder.php(2309): CodeIgniter\Database\BaseConnection->query()
 2 APPPATH/Models/Register_model.php(32): CodeIgniter\Database\BaseBuilder->insert()
 3 APPPATH/Controllers/Register.php(55): App\Models\Register->register()
 4 SYSTEMPATH/CodeIgniter.php(934): App\Controllers\Register->check_register()
 5 SYSTEMPATH/CodeIgniter.php(499): CodeIgniter\CodeIgniter->runController()
 6 SYSTEMPATH/CodeIgniter.php(368): CodeIgniter\CodeIgniter->handleRequest()
 7 FCPATH/index.php(67): CodeIgniter\CodeIgniter->run()
ERROR - 2023-04-22 13:31:31 --> mysqli_sql_exception: Duplicate entry '0' for key 'app_users.PRIMARY' in /var/www/htdocs/app_v1/system/Database/MySQLi/Connection.php:295
Stack trace:
#0 /var/www/htdocs/app_v1/system/Database/MySQLi/Connection.php(295): mysqli->query()
#1 /var/www/htdocs/app_v1/system/Database/BaseConnection.php(691): CodeIgniter\Database\MySQLi\Connection->execute()
#2 /var/www/htdocs/app_v1/system/Database/BaseConnection.php(605): CodeIgniter\Database\BaseConnection->simpleQuery()
#3 /var/www/htdocs/app_v1/system/Database/BaseBuilder.php(2309): CodeIgniter\Database\BaseConnection->query()
#4 /var/www/htdocs/app_v1/app/Models/Register_model.php(32): CodeIgniter\Database\BaseBuilder->insert()
#5 /var/www/htdocs/app_v1/app/Controllers/Register.php(55): App\Models\Register->register()
#6 /var/www/htdocs/app_v1/system/CodeIgniter.php(934): App\Controllers\Register->check_register()
#7 /var/www/htdocs/app_v1/system/CodeIgniter.php(499): CodeIgniter\CodeIgniter->runController()
#8 /var/www/htdocs/app_v1/system/CodeIgniter.php(368): CodeIgniter\CodeIgniter->handleRequest()
#9 /var/www/htdocs/app_v1/public/index.php(67): CodeIgniter\CodeIgniter->run()
#10 {main}
CRITICAL - 2023-04-22 13:31:31 --> Duplicate entry '0' for key 'app_users.PRIMARY'
in SYSTEMPATH/Database/BaseConnection.php on line 645.
 1 SYSTEMPATH/Database/BaseBuilder.php(2309): CodeIgniter\Database\BaseConnection->query()
 2 APPPATH/Models/Register_model.php(32): CodeIgniter\Database\BaseBuilder->insert()
 3 APPPATH/Controllers/Register.php(55): App\Models\Register->register()
 4 SYSTEMPATH/CodeIgniter.php(934): App\Controllers\Register->check_register()
 5 SYSTEMPATH/CodeIgniter.php(499): CodeIgniter\CodeIgniter->runController()
 6 SYSTEMPATH/CodeIgniter.php(368): CodeIgniter\CodeIgniter->handleRequest()
 7 FCPATH/index.php(67): CodeIgniter\CodeIgniter->run()
CRITICAL - 2023-04-22 13:36:48 --> Undefined variable $data1
in APPPATH/Views/user.php on line 30.
 1 APPPATH/Views/user.php(30): CodeIgniter\Debug\Exceptions->errorHandler()
 2 SYSTEMPATH/View/View.php(213): include('APPPATH/Views/user.php')
 3 SYSTEMPATH/View/View.php(216): CodeIgniter\View\View->CodeIgniter\View\{closure}()
 4 SYSTEMPATH/Common.php(1184): CodeIgniter\View\View->render()
 5 APPPATH/Controllers/Register.php(77): view()
 6 SYSTEMPATH/CodeIgniter.php(934): App\Controllers\Register->check_email_code()
 7 SYSTEMPATH/CodeIgniter.php(499): CodeIgniter\CodeIgniter->runController()
 8 SYSTEMPATH/CodeIgniter.php(368): CodeIgniter\CodeIgniter->handleRequest()
 9 FCPATH/index.php(67): CodeIgniter\CodeIgniter->run()
CRITICAL - 2023-04-22 13:41:48 --> Undefined variable $data1
in APPPATH/Views/user.php on line 30.
 1 APPPATH/Views/user.php(30): CodeIgniter\Debug\Exceptions->errorHandler()
 2 SYSTEMPATH/View/View.php(213): include('APPPATH/Views/user.php')
 3 SYSTEMPATH/View/View.php(216): CodeIgniter\View\View->CodeIgniter\View\{closure}()
 4 SYSTEMPATH/Common.php(1184): CodeIgniter\View\View->render()
 5 APPPATH/Controllers/Register.php(77): view()
 6 SYSTEMPATH/CodeIgniter.php(934): App\Controllers\Register->check_email_code()
 7 SYSTEMPATH/CodeIgniter.php(499): CodeIgniter\CodeIgniter->runController()
 8 SYSTEMPATH/CodeIgniter.php(368): CodeIgniter\CodeIgniter->handleRequest()
 9 FCPATH/index.php(67): CodeIgniter\CodeIgniter->run()
CRITICAL - 2023-04-22 14:09:32 --> ini_set(): Session ini settings cannot be changed when a session is active
in SYSTEMPATH/Session/Handlers/FileHandler.php on line 72.
 1 [internal function]: CodeIgniter\Debug\Exceptions->errorHandler()
 2 SYSTEMPATH/Session/Handlers/FileHandler.php(72): ini_set()
 3 SYSTEMPATH/Config/Services.php(667): CodeIgniter\Session\Handlers\FileHandler->__construct()
 4 SYSTEMPATH/Config/BaseService.php(252): CodeIgniter\Config\Services::session()
 5 SYSTEMPATH/Config/BaseService.php(193): CodeIgniter\Config\BaseService::__callStatic()
 6 SYSTEMPATH/Config/Services.php(641): CodeIgniter\Config\BaseService::getSharedInstance()
 7 SYSTEMPATH/Config/BaseService.php(252): CodeIgniter\Config\Services::session()
 8 SYSTEMPATH/Common.php(988): CodeIgniter\Config\BaseService::__callStatic()
 9 APPPATH/Controllers/Register.php(51): session()
10 SYSTEMPATH/CodeIgniter.php(934): App\Controllers\Register->check_register()
11 SYSTEMPATH/CodeIgniter.php(499): CodeIgniter\CodeIgniter->runController()
12 SYSTEMPATH/CodeIgniter.php(368): CodeIgniter\CodeIgniter->handleRequest()
13 FCPATH/index.php(67): CodeIgniter\CodeIgniter->run()
CRITICAL - 2023-04-22 14:12:04 --> ini_set(): Session ini settings cannot be changed when a session is active
in SYSTEMPATH/Session/Handlers/FileHandler.php on line 72.
 1 [internal function]: CodeIgniter\Debug\Exceptions->errorHandler()
 2 SYSTEMPATH/Session/Handlers/FileHandler.php(72): ini_set()
 3 SYSTEMPATH/Config/Services.php(667): CodeIgniter\Session\Handlers\FileHandler->__construct()
 4 SYSTEMPATH/Config/BaseService.php(252): CodeIgniter\Config\Services::session()
 5 SYSTEMPATH/Config/BaseService.php(193): CodeIgniter\Config\BaseService::__callStatic()
 6 SYSTEMPATH/Config/Services.php(641): CodeIgniter\Config\BaseService::getSharedInstance()
 7 SYSTEMPATH/Config/BaseService.php(252): CodeIgniter\Config\Services::session()
 8 SYSTEMPATH/Common.php(988): CodeIgniter\Config\BaseService::__callStatic()
 9 APPPATH/Controllers/Register.php(53): session()
10 SYSTEMPATH/CodeIgniter.php(934): App\Controllers\Register->check_register()
11 SYSTEMPATH/CodeIgniter.php(499): CodeIgniter\CodeIgniter->runController()
12 SYSTEMPATH/CodeIgniter.php(368): CodeIgniter\CodeIgniter->handleRequest()
13 FCPATH/index.php(67): CodeIgniter\CodeIgniter->run()
CRITICAL - 2023-04-22 14:13:23 --> ini_set(): Session ini settings cannot be changed when a session is active
in SYSTEMPATH/Session/Handlers/FileHandler.php on line 72.
 1 [internal function]: CodeIgniter\Debug\Exceptions->errorHandler()
 2 SYSTEMPATH/Session/Handlers/FileHandler.php(72): ini_set()
 3 SYSTEMPATH/Config/Services.php(667): CodeIgniter\Session\Handlers\FileHandler->__construct()
 4 SYSTEMPATH/Config/BaseService.php(252): CodeIgniter\Config\Services::session()
 5 SYSTEMPATH/Config/BaseService.php(193): CodeIgniter\Config\BaseService::__callStatic()
 6 SYSTEMPATH/Config/Services.php(641): CodeIgniter\Config\BaseService::getSharedInstance()
 7 SYSTEMPATH/Config/BaseService.php(252): CodeIgniter\Config\Services::session()
 8 SYSTEMPATH/Common.php(988): CodeIgniter\Config\BaseService::__callStatic()
 9 APPPATH/Controllers/Register.php(54): session()
10 SYSTEMPATH/CodeIgniter.php(934): App\Controllers\Register->check_register()
11 SYSTEMPATH/CodeIgniter.php(499): CodeIgniter\CodeIgniter->runController()
12 SYSTEMPATH/CodeIgniter.php(368): CodeIgniter\CodeIgniter->handleRequest()
13 FCPATH/index.php(67): CodeIgniter\CodeIgniter->run()
CRITICAL - 2023-04-22 14:14:38 --> Undefined variable $data1
in APPPATH/Views/user.php on line 30.
 1 APPPATH/Views/user.php(30): CodeIgniter\Debug\Exceptions->errorHandler()
 2 SYSTEMPATH/View/View.php(213): include('APPPATH/Views/user.php')
 3 SYSTEMPATH/View/View.php(216): CodeIgniter\View\View->CodeIgniter\View\{closure}()
 4 SYSTEMPATH/Common.php(1184): CodeIgniter\View\View->render()
 5 APPPATH/Controllers/Register.php(78): view()
 6 SYSTEMPATH/CodeIgniter.php(934): App\Controllers\Register->check_email_code()
 7 SYSTEMPATH/CodeIgniter.php(499): CodeIgniter\CodeIgniter->runController()
 8 SYSTEMPATH/CodeIgniter.php(368): CodeIgniter\CodeIgniter->handleRequest()
 9 FCPATH/index.php(67): CodeIgniter\CodeIgniter->run()
ERROR - 2023-04-22 14:51:01 --> mysqli_sql_exception: Duplicate entry '0' for key 'app_users.PRIMARY' in /var/www/htdocs/app_v1/system/Database/MySQLi/Connection.php:295
Stack trace:
#0 /var/www/htdocs/app_v1/system/Database/MySQLi/Connection.php(295): mysqli->query()
#1 /var/www/htdocs/app_v1/system/Database/BaseConnection.php(691): CodeIgniter\Database\MySQLi\Connection->execute()
#2 /var/www/htdocs/app_v1/system/Database/BaseConnection.php(605): CodeIgniter\Database\BaseConnection->simpleQuery()
#3 /var/www/htdocs/app_v1/system/Database/BaseBuilder.php(2309): CodeIgniter\Database\BaseConnection->query()
#4 /var/www/htdocs/app_v1/app/Models/Register_model.php(32): CodeIgniter\Database\BaseBuilder->insert()
#5 /var/www/htdocs/app_v1/app/Controllers/Register.php(55): App\Models\Register->register()
#6 /var/www/htdocs/app_v1/system/CodeIgniter.php(934): App\Controllers\Register->check_register()
#7 /var/www/htdocs/app_v1/system/CodeIgniter.php(499): CodeIgniter\CodeIgniter->runController()
#8 /var/www/htdocs/app_v1/system/CodeIgniter.php(368): CodeIgniter\CodeIgniter->handleRequest()
#9 /var/www/htdocs/app_v1/public/index.php(67): CodeIgniter\CodeIgniter->run()
#10 {main}
CRITICAL - 2023-04-22 14:51:01 --> Duplicate entry '0' for key 'app_users.PRIMARY'
in SYSTEMPATH/Database/BaseConnection.php on line 645.
 1 SYSTEMPATH/Database/BaseBuilder.php(2309): CodeIgniter\Database\BaseConnection->query()
 2 APPPATH/Models/Register_model.php(32): CodeIgniter\Database\BaseBuilder->insert()
 3 APPPATH/Controllers/Register.php(55): App\Models\Register->register()
 4 SYSTEMPATH/CodeIgniter.php(934): App\Controllers\Register->check_register()
 5 SYSTEMPATH/CodeIgniter.php(499): CodeIgniter\CodeIgniter->runController()
 6 SYSTEMPATH/CodeIgniter.php(368): CodeIgniter\CodeIgniter->handleRequest()
 7 FCPATH/index.php(67): CodeIgniter\CodeIgniter->run()
ERROR - 2023-04-22 14:52:23 --> mysqli_sql_exception: Duplicate entry '0' for key 'app_users.PRIMARY' in /var/www/htdocs/app_v1/system/Database/MySQLi/Connection.php:295
Stack trace:
#0 /var/www/htdocs/app_v1/system/Database/MySQLi/Connection.php(295): mysqli->query()
#1 /var/www/htdocs/app_v1/system/Database/BaseConnection.php(691): CodeIgniter\Database\MySQLi\Connection->execute()
#2 /var/www/htdocs/app_v1/system/Database/BaseConnection.php(605): CodeIgniter\Database\BaseConnection->simpleQuery()
#3 /var/www/htdocs/app_v1/system/Database/BaseBuilder.php(2309): CodeIgniter\Database\BaseConnection->query()
#4 /var/www/htdocs/app_v1/app/Models/Register_model.php(32): CodeIgniter\Database\BaseBuilder->insert()
#5 /var/www/htdocs/app_v1/app/Controllers/Register.php(55): App\Models\Register->register()
#6 /var/www/htdocs/app_v1/system/CodeIgniter.php(934): App\Controllers\Register->check_register()
#7 /var/www/htdocs/app_v1/system/CodeIgniter.php(499): CodeIgniter\CodeIgniter->runController()
#8 /var/www/htdocs/app_v1/system/CodeIgniter.php(368): CodeIgniter\CodeIgniter->handleRequest()
#9 /var/www/htdocs/app_v1/public/index.php(67): CodeIgniter\CodeIgniter->run()
#10 {main}
CRITICAL - 2023-04-22 14:52:23 --> Duplicate entry '0' for key 'app_users.PRIMARY'
in SYSTEMPATH/Database/BaseConnection.php on line 645.
 1 SYSTEMPATH/Database/BaseBuilder.php(2309): CodeIgniter\Database\BaseConnection->query()
 2 APPPATH/Models/Register_model.php(32): CodeIgniter\Database\BaseBuilder->insert()
 3 APPPATH/Controllers/Register.php(55): App\Models\Register->register()
 4 SYSTEMPATH/CodeIgniter.php(934): App\Controllers\Register->check_register()
 5 SYSTEMPATH/CodeIgniter.php(499): CodeIgniter\CodeIgniter->runController()
 6 SYSTEMPATH/CodeIgniter.php(368): CodeIgniter\CodeIgniter->handleRequest()
 7 FCPATH/index.php(67): CodeIgniter\CodeIgniter->run()
ERROR - 2023-04-22 14:53:54 --> mysqli_sql_exception: Duplicate entry '0' for key 'app_users.PRIMARY' in /var/www/htdocs/app_v1/system/Database/MySQLi/Connection.php:295
Stack trace:
#0 /var/www/htdocs/app_v1/system/Database/MySQLi/Connection.php(295): mysqli->query()
#1 /var/www/htdocs/app_v1/system/Database/BaseConnection.php(691): CodeIgniter\Database\MySQLi\Connection->execute()
#2 /var/www/htdocs/app_v1/system/Database/BaseConnection.php(605): CodeIgniter\Database\BaseConnection->simpleQuery()
#3 /var/www/htdocs/app_v1/system/Database/BaseBuilder.php(2309): CodeIgniter\Database\BaseConnection->query()
#4 /var/www/htdocs/app_v1/app/Models/Register_model.php(32): CodeIgniter\Database\BaseBuilder->insert()
#5 /var/www/htdocs/app_v1/app/Controllers/Register.php(55): App\Models\Register->register()
#6 /var/www/htdocs/app_v1/system/CodeIgniter.php(934): App\Controllers\Register->check_register()
#7 /var/www/htdocs/app_v1/system/CodeIgniter.php(499): CodeIgniter\CodeIgniter->runController()
#8 /var/www/htdocs/app_v1/system/CodeIgniter.php(368): CodeIgniter\CodeIgniter->handleRequest()
#9 /var/www/htdocs/app_v1/public/index.php(67): CodeIgniter\CodeIgniter->run()
#10 {main}
CRITICAL - 2023-04-22 14:53:54 --> Duplicate entry '0' for key 'app_users.PRIMARY'
in SYSTEMPATH/Database/BaseConnection.php on line 645.
 1 SYSTEMPATH/Database/BaseBuilder.php(2309): CodeIgniter\Database\BaseConnection->query()
 2 APPPATH/Models/Register_model.php(32): CodeIgniter\Database\BaseBuilder->insert()
 3 APPPATH/Controllers/Register.php(55): App\Models\Register->register()
 4 SYSTEMPATH/CodeIgniter.php(934): App\Controllers\Register->check_register()
 5 SYSTEMPATH/CodeIgniter.php(499): CodeIgniter\CodeIgniter->runController()
 6 SYSTEMPATH/CodeIgniter.php(368): CodeIgniter\CodeIgniter->handleRequest()
 7 FCPATH/index.php(67): CodeIgniter\CodeIgniter->run()
CRITICAL - 2023-04-22 15:40:06 --> Undefined variable $data1
in APPPATH/Views/user.php on line 34.
 1 APPPATH/Views/user.php(34): CodeIgniter\Debug\Exceptions->errorHandler()
 2 SYSTEMPATH/View/View.php(213): include('APPPATH/Views/user.php')
 3 SYSTEMPATH/View/View.php(216): CodeIgniter\View\View->CodeIgniter\View\{closure}()
 4 SYSTEMPATH/Common.php(1184): CodeIgniter\View\View->render()
 5 APPPATH/Controllers/Login.php(143): view()
 6 SYSTEMPATH/CodeIgniter.php(934): App\Controllers\Login->change_email_action()
 7 SYSTEMPATH/CodeIgniter.php(499): CodeIgniter\CodeIgniter->runController()
 8 SYSTEMPATH/CodeIgniter.php(368): CodeIgniter\CodeIgniter->handleRequest()
 9 FCPATH/index.php(67): CodeIgniter\CodeIgniter->run()
CRITICAL - 2023-04-22 15:42:10 --> Undefined variable $data1
in APPPATH/Views/user.php on line 34.
 1 APPPATH/Views/user.php(34): CodeIgniter\Debug\Exceptions->errorHandler()
 2 SYSTEMPATH/View/View.php(213): include('APPPATH/Views/user.php')
 3 SYSTEMPATH/View/View.php(216): CodeIgniter\View\View->CodeIgniter\View\{closure}()
 4 SYSTEMPATH/Common.php(1184): CodeIgniter\View\View->render()
 5 APPPATH/Controllers/Login.php(144): view()
 6 SYSTEMPATH/CodeIgniter.php(934): App\Controllers\Login->change_email_action()
 7 SYSTEMPATH/CodeIgniter.php(499): CodeIgniter\CodeIgniter->runController()
 8 SYSTEMPATH/CodeIgniter.php(368): CodeIgniter\CodeIgniter->handleRequest()
 9 FCPATH/index.php(67): CodeIgniter\CodeIgniter->run()
